  CV.cpp
C:\Program Files\Opencv\build\include\opencv2/core/mat.hpp(2586): warning C4819: 该文件包含不能在当前代码页(936)中表示的字符。请将该文件保存为 Unicode 格式以防止数据丢失
C:\Program Files\Opencv\build\include\opencv2/core/persistence.hpp : warning C4819: 该文件包含不能在当前代码页(936)中表示的字符。请将该文件保存为 Unicode 格式以防止数据丢失
C:\Program Files\Opencv\build\include\opencv2/core/utility.hpp : warning C4819: 该文件包含不能在当前代码页(936)中表示的字符。请将该文件保存为 Unicode 格式以防止数据丢失
C:\Program Files\Opencv\build\include\opencv2/core/utility.hpp : warning C4819: 该文件包含不能在当前代码页(936)中表示的字符。请将该文件保存为 Unicode 格式以防止数据丢失
c:\program files\opencv\build\include\opencv2\flann\logger.h(66): warning C4996: 'fopen': This function or variable may be unsafe. Consider using fopen_s instead. To disable deprecation, use _CRT_SECURE_NO_WARNINGS. See online help for details.
  C:\Program Files (x86)\Windows Kits\10\Include\10.0.15063.0\ucrt\stdio.h(207): note: 参见“fopen”的声明
C:\Program Files\Opencv\build\include\opencv2/imgproc.hpp(592): warning C4819: 该文件包含不能在当前代码页(936)中表示的字符。请将该文件保存为 Unicode 格式以防止数据丢失
CV.cpp(135): warning C4244: “初始化”: 从“double”转换到“float”，可能丢失数据
CV.cpp(140): warning C4244: “初始化”: 从“double”转换到“float”，可能丢失数据
CV.cpp(145): warning C4101: “i”: 未引用的局部变量
CV.cpp(164): warning C4305: “初始化”: 从“double”到“float”截断
CV.cpp(167): warning C4305: “初始化”: 从“double”到“float”截断
  正在生成代码
  11 of 291 functions ( 3.8%) were compiled, the rest were copied from previous compilation.
    0 functions were new in current compilation
    11 functions had inline decision re-evaluated but remain unchanged
  已完成代码的生成
  CV.vcxproj -> D:\图像处理工具\MFC_Opencv_ACM\CV\x64\Release\CV.exe
  CV.vcxproj -> D:\图像处理工具\MFC_Opencv_ACM\CV\x64\Release\CV.pdb (Full PDB)
